#! /usr/bin/vvp
:ivl_version "12.0 (stable)" "(v12_0-dirty)";
:ivl_delay_selection "TYPICAL";
:vpi_time_precision - 12;
:vpi_module "/usr/lib/ivl/system.vpi";
:vpi_module "/usr/lib/ivl/vhdl_sys.vpi";
:vpi_module "/usr/lib/ivl/vhdl_textio.vpi";
:vpi_module "/usr/lib/ivl/v2005_math.vpi";
:vpi_module "/usr/lib/ivl/va_math.vpi";
S_0x58050c983a90 .scope module, "gray_cell" "gray_cell" 2 26;
 .timescale -9 -12;
    .port_info 0 /INPUT 1 "p_kj";
    .port_info 1 /INPUT 1 "g_kj";
    .port_info 2 /INPUT 1 "g_ji";
    .port_info 3 /OUTPUT 1 "g_ki";
o0x7d7d6cfcf0d8 .functor BUFZ 1, C4<z>; HiZ drive
o0x7d7d6cfcf048 .functor BUFZ 1, C4<z>; HiZ drive
L_0x58050c9787e0 .functor AND 1, o0x7d7d6cfcf0d8, o0x7d7d6cfcf048, C4<1>, C4<1>;
o0x7d7d6cfcf0a8 .functor BUFZ 1, C4<z>; HiZ drive
L_0x58050c977ed0 .functor OR 1, o0x7d7d6cfcf0a8, L_0x58050c9787e0, C4<0>, C4<0>;
v0x58050c977500_0 .net *"_ivl_0", 0 0, L_0x58050c9787e0;  1 drivers
v0x58050c9769c0_0 .net "g_ji", 0 0, o0x7d7d6cfcf048;  0 drivers
v0x58050c975e80_0 .net "g_ki", 0 0, L_0x58050c977ed0;  1 drivers
v0x58050c975340_0 .net "g_kj", 0 0, o0x7d7d6cfcf0a8;  0 drivers
v0x58050c988bb0_0 .net "p_kj", 0 0, o0x7d7d6cfcf0d8;  0 drivers
S_0x58050c97cc50 .scope module, "tb_brent_kung_5bit" "tb_brent_kung_5bit" 3 3;
 .timescale -9 -12;
v0x58050c9adc00_0 .var "a_d1", 4 0;
v0x58050c9add00_0 .var "a_d2", 4 0;
v0x58050c9adde0_0 .var "a_in", 4 0;
v0x58050c9adeb0_0 .var "b_d1", 4 0;
v0x58050c9adf70_0 .var "b_d2", 4 0;
v0x58050c9ae0a0_0 .var "b_in", 4 0;
v0x58050c9ae160_0 .var "clk", 0 0;
v0x58050c9ae200_0 .net "cout_out", 0 0, v0x58050c9aa0f0_0;  1 drivers
v0x58050c9ae2f0_0 .net "sum_out", 4 0, L_0x58050c9b1a40;  1 drivers
S_0x58050c983390 .scope module, "uut" "brent_kung_5bit" 3 12, 2 39 0, S_0x58050c97cc50;
 .timescale -9 -12;
    .port_info 0 /INPUT 1 "clk";
    .port_info 1 /INPUT 5 "a_in";
    .port_info 2 /INPUT 5 "b_in";
    .port_info 3 /OUTPUT 5 "sum_out";
    .port_info 4 /OUTPUT 1 "cout_out";
L_0x58050c9773e0 .functor XOR 5, L_0x58050c9ae8b0, L_0x58050c9aefe0, C4<00000>, C4<00000>;
L_0x58050c9768a0 .functor AND 5, L_0x58050c9ae8b0, L_0x58050c9aefe0, C4<11111>, C4<11111>;
L_0x58050c9b0b80 .functor BUFZ 1, L_0x58050c9af330, C4<0>, C4<0>, C4<0>;
L_0x58050c9b0bf0 .functor BUFZ 1, L_0x58050c9b0100, C4<0>, C4<0>, C4<0>;
L_0x58050c9b0c60 .functor BUFZ 1, L_0x58050c9b0560, C4<0>, C4<0>, C4<0>;
L_0x58050c9b0cd0 .functor BUFZ 1, L_0x58050c9b0860, C4<0>, C4<0>, C4<0>;
L_0x58050c9b0f10 .functor XOR 1, L_0x58050c9b0ab0, L_0x58050c9b03a0, C4<0>, C4<0>;
L_0x58050c9b0e30 .functor XOR 1, L_0x58050c9b1020, L_0x58050c9b0b80, C4<0>, C4<0>;
L_0x58050c9b12f0 .functor XOR 1, L_0x58050c9b1250, L_0x58050c9b0bf0, C4<0>, C4<0>;
L_0x58050c9b16e0 .functor XOR 1, L_0x58050c9b10c0, L_0x58050c9b0c60, C4<0>, C4<0>;
v0x58050c9abb40_0 .net "C1", 0 0, L_0x58050c9b03a0;  1 drivers
v0x58050c9abc00_0 .net "C2", 0 0, L_0x58050c9b0b80;  1 drivers
v0x58050c9abcc0_0 .net "C3", 0 0, L_0x58050c9b0bf0;  1 drivers
v0x58050c9abd90_0 .net "C4", 0 0, L_0x58050c9b0c60;  1 drivers
v0x58050c9abe50_0 .net "C5", 0 0, L_0x58050c9b0cd0;  1 drivers
v0x58050c9abf40_0 .net "G", 4 0, L_0x58050c9768a0;  1 drivers
v0x58050c9ac000_0 .net "P", 4 0, L_0x58050c9773e0;  1 drivers
v0x58050c9ac0e0_0 .net *"_ivl_100", 0 0, L_0x58050c9b12f0;  1 drivers
v0x58050c9ac1c0_0 .net *"_ivl_106", 0 0, L_0x58050c9b10c0;  1 drivers
v0x58050c9ac2a0_0 .net *"_ivl_107", 0 0, L_0x58050c9b16e0;  1 drivers
v0x58050c9ac380_0 .net *"_ivl_83", 0 0, L_0x58050c9b0d90;  1 drivers
v0x58050c9ac460_0 .net *"_ivl_87", 0 0, L_0x58050c9b0ab0;  1 drivers
v0x58050c9ac540_0 .net *"_ivl_88", 0 0, L_0x58050c9b0f10;  1 drivers
v0x58050c9ac620_0 .net *"_ivl_93", 0 0, L_0x58050c9b1020;  1 drivers
v0x58050c9ac700_0 .net *"_ivl_94", 0 0, L_0x58050c9b0e30;  1 drivers
v0x58050c9ac7e0_0 .net *"_ivl_99", 0 0, L_0x58050c9b1250;  1 drivers
v0x58050c9ac8c0_0 .net "a", 4 0, L_0x58050c9ae8b0;  1 drivers
v0x58050c9acab0_0 .net "a_in", 4 0, v0x58050c9adde0_0;  1 drivers
v0x58050c9acb90_0 .net "b", 4 0, L_0x58050c9aefe0;  1 drivers
v0x58050c9acc70_0 .net "b_in", 4 0, v0x58050c9ae0a0_0;  1 drivers
v0x58050c9acd50_0 .net "clk", 0 0, v0x58050c9ae160_0;  1 drivers
v0x58050c9ad000_0 .net "cout_out", 0 0, v0x58050c9aa0f0_0;  alias, 1 drivers
v0x58050c9ad0d0_0 .net "g11", 0 0, L_0x58050c9af330;  1 drivers
v0x58050c9ad170_0 .net "g22", 0 0, L_0x58050c9b0100;  1 drivers
v0x58050c9ad240_0 .net "g31", 0 0, L_0x58050c9afa40;  1 drivers
v0x58050c9ad2e0_0 .net "g32", 0 0, L_0x58050c9b0560;  1 drivers
v0x58050c9ad3d0_0 .net "g43", 0 0, L_0x58050c9b0860;  1 drivers
v0x58050c9ad470_0 .net "p11", 0 0, L_0x58050c975d60;  1 drivers
v0x58050c9ad510_0 .net "p22", 0 0, L_0x58050c9afd60;  1 drivers
v0x58050c9ad5b0_0 .net "p31", 0 0, L_0x58050c9af1a0;  1 drivers
v0x58050c9ad6a0_0 .net "p32", 0 0, L_0x58050c9aff40;  1 drivers
v0x58050c9ad790_0 .net "p43", 0 0, L_0x58050c9b0660;  1 drivers
v0x58050c9ad830_0 .net "sum", 4 0, L_0x58050c9b1400;  1 drivers
v0x58050c9adae0_0 .net "sum_out", 4 0, L_0x58050c9b1a40;  alias, 1 drivers
L_0x58050c9ae480 .part v0x58050c9adde0_0, 0, 1;
L_0x58050c9ae570 .part v0x58050c9adde0_0, 1, 1;
L_0x58050c9ae610 .part v0x58050c9adde0_0, 2, 1;
L_0x58050c9ae6e0 .part v0x58050c9adde0_0, 3, 1;
L_0x58050c9ae7e0 .part v0x58050c9adde0_0, 4, 1;
LS_0x58050c9ae8b0_0_0 .concat8 [ 1 1 1 1], v0x58050c9a6f90_0, v0x58050c9a7470_0, v0x58050c9a79c0_0, v0x58050c9a7e40_0;
LS_0x58050c9ae8b0_0_4 .concat8 [ 1 0 0 0], v0x58050c9a8340_0;
L_0x58050c9ae8b0 .concat8 [ 4 1 0 0], LS_0x58050c9ae8b0_0_0, LS_0x58050c9ae8b0_0_4;
L_0x58050c9aeaf0 .part v0x58050c9ae0a0_0, 0, 1;
L_0x58050c9aeb90 .part v0x58050c9ae0a0_0, 1, 1;
L_0x58050c9aec80 .part v0x58050c9ae0a0_0, 2, 1;
L_0x58050c9aede0 .part v0x58050c9ae0a0_0, 3, 1;
L_0x58050c9aef10 .part v0x58050c9ae0a0_0, 4, 1;
LS_0x58050c9aefe0_0_0 .concat8 [ 1 1 1 1], v0x58050c9a87f0_0, v0x58050c9a8cf0_0, v0x58050c9a91f0_0, v0x58050c9a96f0_0;
LS_0x58050c9aefe0_0_4 .concat8 [ 1 0 0 0], v0x58050c9a9bf0_0;
L_0x58050c9aefe0 .concat8 [ 4 1 0 0], LS_0x58050c9aefe0_0_0, LS_0x58050c9aefe0_0_4;
L_0x58050c9af460 .part L_0x58050c9773e0, 1, 1;
L_0x58050c9af550 .part L_0x58050c9768a0, 1, 1;
L_0x58050c9af710 .part L_0x58050c9773e0, 0, 1;
L_0x58050c9af800 .part L_0x58050c9768a0, 0, 1;
L_0x58050c9afb00 .part L_0x58050c9773e0, 3, 1;
L_0x58050c9afc30 .part L_0x58050c9768a0, 3, 1;
L_0x58050c9afe00 .part L_0x58050c9773e0, 2, 1;
L_0x58050c9afea0 .part L_0x58050c9768a0, 2, 1;
L_0x58050c9b0210 .part L_0x58050c9773e0, 2, 1;
L_0x58050c9b02b0 .part L_0x58050c9768a0, 2, 1;
L_0x58050c9b0920 .part L_0x58050c9773e0, 4, 1;
L_0x58050c9b09c0 .part L_0x58050c9768a0, 4, 1;
L_0x58050c9b03a0 .part L_0x58050c9768a0, 0, 1;
L_0x58050c9b0d90 .part L_0x58050c9773e0, 0, 1;
L_0x58050c9b0ab0 .part L_0x58050c9773e0, 1, 1;
L_0x58050c9b1020 .part L_0x58050c9773e0, 2, 1;
L_0x58050c9b1250 .part L_0x58050c9773e0, 3, 1;
LS_0x58050c9b1400_0_0 .concat8 [ 1 1 1 1], L_0x58050c9b0d90, L_0x58050c9b0f10, L_0x58050c9b0e30, L_0x58050c9b12f0;
LS_0x58050c9b1400_0_4 .concat8 [ 1 0 0 0], L_0x58050c9b16e0;
L_0x58050c9b1400 .concat8 [ 4 1 0 0], LS_0x58050c9b1400_0_0, LS_0x58050c9b1400_0_4;
L_0x58050c9b10c0 .part L_0x58050c9773e0, 4, 1;
L_0x58050c9b17f0 .part L_0x58050c9b1400, 0, 1;
L_0x58050c9b15e0 .part L_0x58050c9b1400, 1, 1;
L_0x58050c9b19a0 .part L_0x58050c9b1400, 2, 1;
L_0x58050c9b1890 .part L_0x58050c9b1400, 3, 1;
L_0x58050c9b1b60 .part L_0x58050c9b1400, 4, 1;
LS_0x58050c9b1a40_0_0 .concat8 [ 1 1 1 1], v0x58050c9aa5f0_0, v0x58050c9aaaf0_0, v0x58050c9aaff0_0, v0x58050c9ab4f0_0;
LS_0x58050c9b1a40_0_4 .concat8 [ 1 0 0 0], v0x58050c9ab9f0_0;
L_0x58050c9b1a40 .concat8 [ 4 1 0 0], LS_0x58050c9b1a40_0_0, LS_0x58050c9b1a40_0_4;
S_0x58050c983710 .scope module, "L1_10" "black_cell" 2 81, 2 13 0, S_0x58050c983390;
 .timescale -9 -12;
    .port_info 0 /INPUT 1 "p_kj";
    .port_info 1 /INPUT 1 "g_kj";
    .port_info 2 /INPUT 1 "p_ji";
    .port_info 3 /INPUT 1 "g_ji";
    .port_info 4 /OUTPUT 1 "p_ki";
    .port_info 5 /OUTPUT 1 "g_ki";
L_0x58050c975d60 .functor AND 1, L_0x58050c9af460, L_0x58050c9af710, C4<1>, C4<1>;
L_0x58050c975220 .functor AND 1, L_0x58050c9af460, L_0x58050c9af800, C4<1>, C4<1>;
L_0x58050c9af330 .functor OR 1, L_0x58050c9af550, L_0x58050c975220, C4<0>, C4<0>;
v0x58050c983fc0_0 .net *"_ivl_2", 0 0, L_0x58050c975220;  1 drivers
v0x58050c9a4320_0 .net "g_ji", 0 0, L_0x58050c9af800;  1 drivers
v0x58050c9a43e0_0 .net "g_ki", 0 0, L_0x58050c9af330;  alias, 1 drivers
v0x58050c9a4480_0 .net "g_kj", 0 0, L_0x58050c9af550;  1 drivers
v0x58050c9a4540_0 .net "p_ji", 0 0, L_0x58050c9af710;  1 drivers
v0x58050c9a4650_0 .net "p_ki", 0 0, L_0x58050c975d60;  alias, 1 drivers
v0x58050c9a4710_0 .net "p_kj", 0 0, L_0x58050c9af460;  1 drivers
S_0x58050c9a4890 .scope module, "L1_32" "black_cell" 2 84, 2 13 0, S_0x58050c983390;
 .timescale -9 -12;
    .port_info 0 /INPUT 1 "p_kj";
    .port_info 1 /INPUT 1 "g_kj";
    .port_info 2 /INPUT 1 "p_ji";
    .port_info 3 /INPUT 1 "g_ji";
    .port_info 4 /OUTPUT 1 "p_ki";
    .port_info 5 /OUTPUT 1 "g_ki";
L_0x58050c9af1a0 .functor AND 1, L_0x58050c9afb00, L_0x58050c9afe00, C4<1>, C4<1>;
L_0x58050c9af980 .functor AND 1, L_0x58050c9afb00, L_0x58050c9afea0, C4<1>, C4<1>;
L_0x58050c9afa40 .functor OR 1, L_0x58050c9afc30, L_0x58050c9af980, C4<0>, C4<0>;
v0x58050c9a4b30_0 .net *"_ivl_2", 0 0, L_0x58050c9af980;  1 drivers
v0x58050c9a4c10_0 .net "g_ji", 0 0, L_0x58050c9afea0;  1 drivers
v0x58050c9a4cd0_0 .net "g_ki", 0 0, L_0x58050c9afa40;  alias, 1 drivers
v0x58050c9a4d70_0 .net "g_kj", 0 0, L_0x58050c9afc30;  1 drivers
v0x58050c9a4e30_0 .net "p_ji", 0 0, L_0x58050c9afe00;  1 drivers
v0x58050c9a4f40_0 .net "p_ki", 0 0, L_0x58050c9af1a0;  alias, 1 drivers
v0x58050c9a5000_0 .net "p_kj", 0 0, L_0x58050c9afb00;  1 drivers
S_0x58050c9a5180 .scope module, "L2_210" "black_cell" 2 89, 2 13 0, S_0x58050c983390;
 .timescale -9 -12;
    .port_info 0 /INPUT 1 "p_kj";
    .port_info 1 /INPUT 1 "g_kj";
    .port_info 2 /INPUT 1 "p_ji";
    .port_info 3 /INPUT 1 "g_ji";
    .port_info 4 /OUTPUT 1 "p_ki";
    .port_info 5 /OUTPUT 1 "g_ki";
L_0x58050c9afd60 .functor AND 1, L_0x58050c9b0210, L_0x58050c975d60, C4<1>, C4<1>;
L_0x58050c9b0040 .functor AND 1, L_0x58050c9b0210, L_0x58050c9af330, C4<1>, C4<1>;
L_0x58050c9b0100 .functor OR 1, L_0x58050c9b02b0, L_0x58050c9b0040, C4<0>, C4<0>;
v0x58050c9a5400_0 .net *"_ivl_2", 0 0, L_0x58050c9b0040;  1 drivers
v0x58050c9a54e0_0 .net "g_ji", 0 0, L_0x58050c9af330;  alias, 1 drivers
v0x58050c9a55a0_0 .net "g_ki", 0 0, L_0x58050c9b0100;  alias, 1 drivers
v0x58050c9a5640_0 .net "g_kj", 0 0, L_0x58050c9b02b0;  1 drivers
v0x58050c9a56e0_0 .net "p_ji", 0 0, L_0x58050c975d60;  alias, 1 drivers
v0x58050c9a57d0_0 .net "p_ki", 0 0, L_0x58050c9afd60;  alias, 1 drivers
v0x58050c9a5870_0 .net "p_kj", 0 0, L_0x58050c9b0210;  1 drivers
S_0x58050c9a59d0 .scope module, "L2_310" "black_cell" 2 92, 2 13 0, S_0x58050c983390;
 .timescale -9 -12;
    .port_info 0 /INPUT 1 "p_kj";
    .port_info 1 /INPUT 1 "g_kj";
    .port_info 2 /INPUT 1 "p_ji";
    .port_info 3 /INPUT 1 "g_ji";
    .port_info 4 /OUTPUT 1 "p_ki";
    .port_info 5 /OUTPUT 1 "g_ki";
L_0x58050c9aff40 .functor AND 1, L_0x58050c9af1a0, L_0x58050c975d60, C4<1>, C4<1>;
L_0x58050c9b04f0 .functor AND 1, L_0x58050c9af1a0, L_0x58050c9af330, C4<1>, C4<1>;
L_0x58050c9b0560 .functor OR 1, L_0x58050c9afa40, L_0x58050c9b04f0, C4<0>, C4<0>;
v0x58050c9a5c50_0 .net *"_ivl_2", 0 0, L_0x58050c9b04f0;  1 drivers
v0x58050c9a5d50_0 .net "g_ji", 0 0, L_0x58050c9af330;  alias, 1 drivers
v0x58050c9a5e60_0 .net "g_ki", 0 0, L_0x58050c9b0560;  alias, 1 drivers
v0x58050c9a5f00_0 .net "g_kj", 0 0, L_0x58050c9afa40;  alias, 1 drivers
v0x58050c9a5fa0_0 .net "p_ji", 0 0, L_0x58050c975d60;  alias, 1 drivers
v0x58050c9a60e0_0 .net "p_ki", 0 0, L_0x58050c9aff40;  alias, 1 drivers
v0x58050c9a6180_0 .net "p_kj", 0 0, L_0x58050c9af1a0;  alias, 1 drivers
S_0x58050c9a62a0 .scope module, "L3_40123" "black_cell" 2 97, 2 13 0, S_0x58050c983390;
 .timescale -9 -12;
    .port_info 0 /INPUT 1 "p_kj";
    .port_info 1 /INPUT 1 "g_kj";
    .port_info 2 /INPUT 1 "p_ji";
    .port_info 3 /INPUT 1 "g_ji";
    .port_info 4 /OUTPUT 1 "p_ki";
    .port_info 5 /OUTPUT 1 "g_ki";
L_0x58050c9b0660 .functor AND 1, L_0x58050c9b0920, L_0x58050c9aff40, C4<1>, C4<1>;
L_0x58050c9b0760 .functor AND 1, L_0x58050c9b0920, L_0x58050c9b0560, C4<1>, C4<1>;
L_0x58050c9b0860 .functor OR 1, L_0x58050c9b09c0, L_0x58050c9b0760, C4<0>, C4<0>;
v0x58050c9a6570_0 .net *"_ivl_2", 0 0, L_0x58050c9b0760;  1 drivers
v0x58050c9a6670_0 .net "g_ji", 0 0, L_0x58050c9b0560;  alias, 1 drivers
v0x58050c9a6730_0 .net "g_ki", 0 0, L_0x58050c9b0860;  alias, 1 drivers
v0x58050c9a67d0_0 .net "g_kj", 0 0, L_0x58050c9b09c0;  1 drivers
v0x58050c9a6870_0 .net "p_ji", 0 0, L_0x58050c9aff40;  alias, 1 drivers
v0x58050c9a6960_0 .net "p_ki", 0 0, L_0x58050c9b0660;  alias, 1 drivers
v0x58050c9a6a00_0 .net "p_kj", 0 0, L_0x58050c9b0920;  1 drivers
S_0x58050c9a6b60 .scope module, "da0" "dff" 2 52, 2 4 0, S_0x58050c983390;
 .timescale -9 -12;
    .port_info 0 /INPUT 1 "clk";
    .port_info 1 /INPUT 1 "d";
    .port_info 2 /OUTPUT 1 "q";
v0x58050c9a6df0_0 .net "clk", 0 0, v0x58050c9ae160_0;  alias, 1 drivers
v0x58050c9a6ed0_0 .net "d", 0 0, L_0x58050c9ae480;  1 drivers
v0x58050c9a6f90_0 .var "q", 0 0;
E_0x58050c964d80 .event posedge, v0x58050c9a6df0_0;
S_0x58050c9a70b0 .scope module, "da1" "dff" 2 53, 2 4 0, S_0x58050c983390;
 .timescale -9 -12;
    .port_info 0 /INPUT 1 "clk";
    .port_info 1 /INPUT 1 "d";
    .port_info 2 /OUTPUT 1 "q";
v0x58050c9a72e0_0 .net "clk", 0 0, v0x58050c9ae160_0;  alias, 1 drivers
v0x58050c9a73d0_0 .net "d", 0 0, L_0x58050c9ae570;  1 drivers
v0x58050c9a7470_0 .var "q", 0 0;
S_0x58050c9a75c0 .scope module, "da2" "dff" 2 54, 2 4 0, S_0x58050c983390;
 .timescale -9 -12;
    .port_info 0 /INPUT 1 "clk";
    .port_info 1 /INPUT 1 "d";
    .port_info 2 /OUTPUT 1 "q";
v0x58050c9a77f0_0 .net "clk", 0 0, v0x58050c9ae160_0;  alias, 1 drivers
v0x58050c9a7900_0 .net "d", 0 0, L_0x58050c9ae610;  1 drivers
v0x58050c9a79c0_0 .var "q", 0 0;
S_0x58050c9a7ae0 .scope module, "da3" "dff" 2 55, 2 4 0, S_0x58050c983390;
 .timescale -9 -12;
    .port_info 0 /INPUT 1 "clk";
    .port_info 1 /INPUT 1 "d";
    .port_info 2 /OUTPUT 1 "q";
v0x58050c9a7cc0_0 .net "clk", 0 0, v0x58050c9ae160_0;  alias, 1 drivers
v0x58050c9a7d80_0 .net "d", 0 0, L_0x58050c9ae6e0;  1 drivers
v0x58050c9a7e40_0 .var "q", 0 0;
S_0x58050c9a7f90 .scope module, "da4" "dff" 2 56, 2 4 0, S_0x58050c983390;
 .timescale -9 -12;
    .port_info 0 /INPUT 1 "clk";
    .port_info 1 /INPUT 1 "d";
    .port_info 2 /OUTPUT 1 "q";
v0x58050c9a81c0_0 .net "clk", 0 0, v0x58050c9ae160_0;  alias, 1 drivers
v0x58050c9a8280_0 .net "d", 0 0, L_0x58050c9ae7e0;  1 drivers
v0x58050c9a8340_0 .var "q", 0 0;
S_0x58050c9a8490 .scope module, "db0" "dff" 2 58, 2 4 0, S_0x58050c983390;
 .timescale -9 -12;
    .port_info 0 /INPUT 1 "clk";
    .port_info 1 /INPUT 1 "d";
    .port_info 2 /OUTPUT 1 "q";
v0x58050c9a8670_0 .net "clk", 0 0, v0x58050c9ae160_0;  alias, 1 drivers
v0x58050c9a8730_0 .net "d", 0 0, L_0x58050c9aeaf0;  1 drivers
v0x58050c9a87f0_0 .var "q", 0 0;
S_0x58050c9a8940 .scope module, "db1" "dff" 2 59, 2 4 0, S_0x58050c983390;
 .timescale -9 -12;
    .port_info 0 /INPUT 1 "clk";
    .port_info 1 /INPUT 1 "d";
    .port_info 2 /OUTPUT 1 "q";
v0x58050c9a8b70_0 .net "clk", 0 0, v0x58050c9ae160_0;  alias, 1 drivers
v0x58050c9a8c30_0 .net "d", 0 0, L_0x58050c9aeb90;  1 drivers
v0x58050c9a8cf0_0 .var "q", 0 0;
S_0x58050c9a8e40 .scope module, "db2" "dff" 2 60, 2 4 0, S_0x58050c983390;
 .timescale -9 -12;
    .port_info 0 /INPUT 1 "clk";
    .port_info 1 /INPUT 1 "d";
    .port_info 2 /OUTPUT 1 "q";
v0x58050c9a9070_0 .net "clk", 0 0, v0x58050c9ae160_0;  alias, 1 drivers
v0x58050c9a9130_0 .net "d", 0 0, L_0x58050c9aec80;  1 drivers
v0x58050c9a91f0_0 .var "q", 0 0;
S_0x58050c9a9340 .scope module, "db3" "dff" 2 61, 2 4 0, S_0x58050c983390;
 .timescale -9 -12;
    .port_info 0 /INPUT 1 "clk";
    .port_info 1 /INPUT 1 "d";
    .port_info 2 /OUTPUT 1 "q";
v0x58050c9a9570_0 .net "clk", 0 0, v0x58050c9ae160_0;  alias, 1 drivers
v0x58050c9a9630_0 .net "d", 0 0, L_0x58050c9aede0;  1 drivers
v0x58050c9a96f0_0 .var "q", 0 0;
S_0x58050c9a9840 .scope module, "db4" "dff" 2 62, 2 4 0, S_0x58050c983390;
 .timescale -9 -12;
    .port_info 0 /INPUT 1 "clk";
    .port_info 1 /INPUT 1 "d";
    .port_info 2 /OUTPUT 1 "q";
v0x58050c9a9a70_0 .net "clk", 0 0, v0x58050c9ae160_0;  alias, 1 drivers
v0x58050c9a9b30_0 .net "d", 0 0, L_0x58050c9aef10;  1 drivers
v0x58050c9a9bf0_0 .var "q", 0 0;
S_0x58050c9a9d40 .scope module, "dcout" "dff" 2 130, 2 4 0, S_0x58050c983390;
 .timescale -9 -12;
    .port_info 0 /INPUT 1 "clk";
    .port_info 1 /INPUT 1 "d";
    .port_info 2 /OUTPUT 1 "q";
v0x58050c9a9f70_0 .net "clk", 0 0, v0x58050c9ae160_0;  alias, 1 drivers
v0x58050c9aa030_0 .net "d", 0 0, L_0x58050c9b0cd0;  alias, 1 drivers
v0x58050c9aa0f0_0 .var "q", 0 0;
S_0x58050c9aa240 .scope module, "ds0" "dff" 2 123, 2 4 0, S_0x58050c983390;
 .timescale -9 -12;
    .port_info 0 /INPUT 1 "clk";
    .port_info 1 /INPUT 1 "d";
    .port_info 2 /OUTPUT 1 "q";
v0x58050c9aa470_0 .net "clk", 0 0, v0x58050c9ae160_0;  alias, 1 drivers
v0x58050c9aa530_0 .net "d", 0 0, L_0x58050c9b17f0;  1 drivers
v0x58050c9aa5f0_0 .var "q", 0 0;
S_0x58050c9aa740 .scope module, "ds1" "dff" 2 124, 2 4 0, S_0x58050c983390;
 .timescale -9 -12;
    .port_info 0 /INPUT 1 "clk";
    .port_info 1 /INPUT 1 "d";
    .port_info 2 /OUTPUT 1 "q";
v0x58050c9aa970_0 .net "clk", 0 0, v0x58050c9ae160_0;  alias, 1 drivers
v0x58050c9aaa30_0 .net "d", 0 0, L_0x58050c9b15e0;  1 drivers
v0x58050c9aaaf0_0 .var "q", 0 0;
S_0x58050c9aac40 .scope module, "ds2" "dff" 2 125, 2 4 0, S_0x58050c983390;
 .timescale -9 -12;
    .port_info 0 /INPUT 1 "clk";
    .port_info 1 /INPUT 1 "d";
    .port_info 2 /OUTPUT 1 "q";
v0x58050c9aae70_0 .net "clk", 0 0, v0x58050c9ae160_0;  alias, 1 drivers
v0x58050c9aaf30_0 .net "d", 0 0, L_0x58050c9b19a0;  1 drivers
v0x58050c9aaff0_0 .var "q", 0 0;
S_0x58050c9ab140 .scope module, "ds3" "dff" 2 126, 2 4 0, S_0x58050c983390;
 .timescale -9 -12;
    .port_info 0 /INPUT 1 "clk";
    .port_info 1 /INPUT 1 "d";
    .port_info 2 /OUTPUT 1 "q";
v0x58050c9ab370_0 .net "clk", 0 0, v0x58050c9ae160_0;  alias, 1 drivers
v0x58050c9ab430_0 .net "d", 0 0, L_0x58050c9b1890;  1 drivers
v0x58050c9ab4f0_0 .var "q", 0 0;
S_0x58050c9ab640 .scope module, "ds4" "dff" 2 127, 2 4 0, S_0x58050c983390;
 .timescale -9 -12;
    .port_info 0 /INPUT 1 "clk";
    .port_info 1 /INPUT 1 "d";
    .port_info 2 /OUTPUT 1 "q";
v0x58050c9ab870_0 .net "clk", 0 0, v0x58050c9ae160_0;  alias, 1 drivers
v0x58050c9ab930_0 .net "d", 0 0, L_0x58050c9b1b60;  1 drivers
v0x58050c9ab9f0_0 .var "q", 0 0;
    .scope S_0x58050c9a6b60;
T_0 ;
    %wait E_0x58050c964d80;
    %load/vec4 v0x58050c9a6ed0_0;
    %assign/vec4 v0x58050c9a6f90_0, 0;
    %jmp T_0;
    .thread T_0;
    .scope S_0x58050c9a70b0;
T_1 ;
    %wait E_0x58050c964d80;
    %load/vec4 v0x58050c9a73d0_0;
    %assign/vec4 v0x58050c9a7470_0, 0;
    %jmp T_1;
    .thread T_1;
    .scope S_0x58050c9a75c0;
T_2 ;
    %wait E_0x58050c964d80;
    %load/vec4 v0x58050c9a7900_0;
    %assign/vec4 v0x58050c9a79c0_0, 0;
    %jmp T_2;
    .thread T_2;
    .scope S_0x58050c9a7ae0;
T_3 ;
    %wait E_0x58050c964d80;
    %load/vec4 v0x58050c9a7d80_0;
    %assign/vec4 v0x58050c9a7e40_0, 0;
    %jmp T_3;
    .thread T_3;
    .scope S_0x58050c9a7f90;
T_4 ;
    %wait E_0x58050c964d80;
    %load/vec4 v0x58050c9a8280_0;
    %assign/vec4 v0x58050c9a8340_0, 0;
    %jmp T_4;
    .thread T_4;
    .scope S_0x58050c9a8490;
T_5 ;
    %wait E_0x58050c964d80;
    %load/vec4 v0x58050c9a8730_0;
    %assign/vec4 v0x58050c9a87f0_0, 0;
    %jmp T_5;
    .thread T_5;
    .scope S_0x58050c9a8940;
T_6 ;
    %wait E_0x58050c964d80;
    %load/vec4 v0x58050c9a8c30_0;
    %assign/vec4 v0x58050c9a8cf0_0, 0;
    %jmp T_6;
    .thread T_6;
    .scope S_0x58050c9a8e40;
T_7 ;
    %wait E_0x58050c964d80;
    %load/vec4 v0x58050c9a9130_0;
    %assign/vec4 v0x58050c9a91f0_0, 0;
    %jmp T_7;
    .thread T_7;
    .scope S_0x58050c9a9340;
T_8 ;
    %wait E_0x58050c964d80;
    %load/vec4 v0x58050c9a9630_0;
    %assign/vec4 v0x58050c9a96f0_0, 0;
    %jmp T_8;
    .thread T_8;
    .scope S_0x58050c9a9840;
T_9 ;
    %wait E_0x58050c964d80;
    %load/vec4 v0x58050c9a9b30_0;
    %assign/vec4 v0x58050c9a9bf0_0, 0;
    %jmp T_9;
    .thread T_9;
    .scope S_0x58050c9aa240;
T_10 ;
    %wait E_0x58050c964d80;
    %load/vec4 v0x58050c9aa530_0;
    %assign/vec4 v0x58050c9aa5f0_0, 0;
    %jmp T_10;
    .thread T_10;
    .scope S_0x58050c9aa740;
T_11 ;
    %wait E_0x58050c964d80;
    %load/vec4 v0x58050c9aaa30_0;
    %assign/vec4 v0x58050c9aaaf0_0, 0;
    %jmp T_11;
    .thread T_11;
    .scope S_0x58050c9aac40;
T_12 ;
    %wait E_0x58050c964d80;
    %load/vec4 v0x58050c9aaf30_0;
    %assign/vec4 v0x58050c9aaff0_0, 0;
    %jmp T_12;
    .thread T_12;
    .scope S_0x58050c9ab140;
T_13 ;
    %wait E_0x58050c964d80;
    %load/vec4 v0x58050c9ab430_0;
    %assign/vec4 v0x58050c9ab4f0_0, 0;
    %jmp T_13;
    .thread T_13;
    .scope S_0x58050c9ab640;
T_14 ;
    %wait E_0x58050c964d80;
    %load/vec4 v0x58050c9ab930_0;
    %assign/vec4 v0x58050c9ab9f0_0, 0;
    %jmp T_14;
    .thread T_14;
    .scope S_0x58050c9a9d40;
T_15 ;
    %wait E_0x58050c964d80;
    %load/vec4 v0x58050c9aa030_0;
    %assign/vec4 v0x58050c9aa0f0_0, 0;
    %jmp T_15;
    .thread T_15;
    .scope S_0x58050c97cc50;
T_16 ;
    %pushi/vec4 0, 0, 1;
    %store/vec4 v0x58050c9ae160_0, 0, 1;
    %end;
    .thread T_16;
    .scope S_0x58050c97cc50;
T_17 ;
    %delay 5000, 0;
    %load/vec4 v0x58050c9ae160_0;
    %inv;
    %store/vec4 v0x58050c9ae160_0, 0, 1;
    %jmp T_17;
    .thread T_17;
    .scope S_0x58050c97cc50;
T_18 ;
    %vpi_call 3 25 "$dumpfile", "brent_kung_5bit_tb.vcd" {0 0 0};
    %vpi_call 3 26 "$dumpvars", 32'sb00000000000000000000000000000000, S_0x58050c97cc50 {0 0 0};
    %pushi/vec4 1, 0, 5;
    %store/vec4 v0x58050c9adde0_0, 0, 5;
    %pushi/vec4 2, 0, 5;
    %store/vec4 v0x58050c9ae0a0_0, 0, 5;
    %delay 20000, 0;
    %pushi/vec4 5, 0, 5;
    %store/vec4 v0x58050c9adde0_0, 0, 5;
    %pushi/vec4 3, 0, 5;
    %store/vec4 v0x58050c9ae0a0_0, 0, 5;
    %delay 20000, 0;
    %pushi/vec4 31, 0, 5;
    %store/vec4 v0x58050c9adde0_0, 0, 5;
    %pushi/vec4 1, 0, 5;
    %store/vec4 v0x58050c9ae0a0_0, 0, 5;
    %delay 20000, 0;
    %pushi/vec4 21, 0, 5;
    %store/vec4 v0x58050c9adde0_0, 0, 5;
    %pushi/vec4 10, 0, 5;
    %store/vec4 v0x58050c9ae0a0_0, 0, 5;
    %delay 20000, 0;
    %pushi/vec4 15, 0, 5;
    %store/vec4 v0x58050c9adde0_0, 0, 5;
    %pushi/vec4 5, 0, 5;
    %store/vec4 v0x58050c9ae0a0_0, 0, 5;
    %delay 20000, 0;
    %vpi_call 3 38 "$finish" {0 0 0};
    %end;
    .thread T_18;
    .scope S_0x58050c97cc50;
T_19 ;
    %wait E_0x58050c964d80;
    %load/vec4 v0x58050c9adde0_0;
    %assign/vec4 v0x58050c9adc00_0, 0;
    %load/vec4 v0x58050c9ae0a0_0;
    %assign/vec4 v0x58050c9adeb0_0, 0;
    %load/vec4 v0x58050c9adc00_0;
    %assign/vec4 v0x58050c9add00_0, 0;
    %load/vec4 v0x58050c9adeb0_0;
    %assign/vec4 v0x58050c9adf70_0, 0;
    %vpi_call 3 51 "$display", "time=%0t | a=%b b=%b | sum=%b cout=%b", $time, v0x58050c9add00_0, v0x58050c9adf70_0, v0x58050c9ae2f0_0, v0x58050c9ae200_0 {0 0 0};
    %jmp T_19;
    .thread T_19;
# The file index is used to find the file name in the following table.
:file_names 4;
    "N/A";
    "<interactive>";
    "brent_kung_5bit.v";
    "tb_brent_kung_5bit.v";
